TN:
SF:./lib/angular-cakephp.js
FN:1,(anonymous_1)
FNF:1
FNH:1
FNDA:1,(anonymous_1)
DA:1,1
DA:9,1
LF:2
LH:2
BRF:0
BRH:0
end_of_record
TN:
SF:./lib/angular-cakephp-settings.js
FN:1,(anonymous_1)
FNF:1
FNH:1
FNDA:1,(anonymous_1)
DA:1,1
DA:4,1
LF:2
LH:2
BRF:0
BRH:0
end_of_record
TN:
SF:./lib/http/http-response-service.js
FN:1,(anonymous_1)
FN:9,(anonymous_2)
FN:25,(anonymous_3)
FN:48,(anonymous_4)
FN:71,(anonymous_5)
FN:94,(anonymous_6)
FN:117,(anonymous_7)
FN:139,(anonymous_8)
FN:161,(anonymous_9)
FN:183,(anonymous_10)
FNF:10
FNH:1
FNDA:1,(anonymous_1)
FNDA:0,(anonymous_2)
FNDA:0,(anonymous_3)
FNDA:0,(anonymous_4)
FNDA:0,(anonymous_5)
FNDA:0,(anonymous_6)
FNDA:0,(anonymous_7)
FNDA:0,(anonymous_8)
FNDA:0,(anonymous_9)
FNDA:0,(anonymous_10)
DA:1,1
DA:9,1
DA:25,0
DA:27,0
DA:28,0
DA:30,0
DA:31,0
DA:33,0
DA:48,0
DA:50,0
DA:51,0
DA:53,0
DA:54,0
DA:56,0
DA:71,0
DA:73,0
DA:74,0
DA:76,0
DA:77,0
DA:79,0
DA:94,0
DA:96,0
DA:97,0
DA:99,0
DA:100,0
DA:102,0
DA:117,0
DA:119,0
DA:121,0
DA:122,0
DA:124,0
DA:139,0
DA:141,0
DA:143,0
DA:144,0
DA:146,0
DA:161,0
DA:163,0
DA:165,0
DA:166,0
DA:168,0
DA:183,0
DA:185,0
DA:187,0
DA:188,0
DA:190,0
DA:195,1
DA:200,1
LF:48
LH:4
BRDA:30,1,0,0
BRDA:30,1,1,0
BRDA:53,2,0,0
BRDA:53,2,1,0
BRDA:76,3,0,0
BRDA:76,3,1,0
BRDA:99,4,0,0
BRDA:99,4,1,0
BRDA:121,5,0,0
BRDA:121,5,1,0
BRDA:143,6,0,0
BRDA:143,6,1,0
BRDA:165,7,0,0
BRDA:165,7,1,0
BRDA:187,8,0,0
BRDA:187,8,1,0
BRF:16
BRH:0
end_of_record
TN:
SF:./lib/http/http-request-service.js
FN:1,(anonymous_1)
FN:9,(anonymous_2)
FNF:2
FNH:1
FNDA:1,(anonymous_1)
FNDA:0,(anonymous_2)
DA:1,1
DA:9,1
DA:13,1
DA:15,1
LF:4
LH:4
BRF:0
BRH:0
end_of_record
TN:
SF:./lib/transformers/transformer-service.js
FN:1,(anonymous_1)
FN:9,(anonymous_2)
FN:27,(anonymous_3)
FN:41,(anonymous_4)
FN:71,(anonymous_5)
FN:82,(anonymous_6)
FN:84,(anonymous_7)
FN:97,(anonymous_8)
FNF:8
FNH:5
FNDA:1,(anonymous_1)
FNDA:44,(anonymous_2)
FNDA:15,(anonymous_3)
FNDA:4,(anonymous_4)
FNDA:4,(anonymous_5)
FNDA:0,(anonymous_6)
FNDA:0,(anonymous_7)
FNDA:0,(anonymous_8)
DA:1,1
DA:9,1
DA:11,44
DA:14,44
DA:15,44
DA:27,44
DA:30,15
DA:32,15
DA:35,3
DA:36,1
DA:41,2
DA:43,4
DA:44,4
DA:51,15
DA:52,15
DA:53,3
DA:54,12
DA:55,0
DA:59,15
DA:60,15
DA:61,15
DA:62,15
DA:71,44
DA:72,4
DA:82,44
DA:83,0
DA:84,0
DA:85,0
DA:87,0
DA:97,44
DA:100,0
DA:101,0
DA:104,0
DA:108,1
DA:110,1
LF:35
LH:27
BRDA:32,1,0,3
BRDA:32,1,1,12
BRDA:32,2,0,15
BRDA:32,2,1,7
BRDA:32,2,2,5
BRDA:35,3,0,1
BRDA:35,3,1,2
BRDA:43,4,0,4
BRDA:43,4,1,0
BRDA:43,5,0,4
BRDA:43,5,1,4
BRDA:52,6,0,3
BRDA:52,6,1,12
BRDA:52,7,0,15
BRDA:52,7,1,15
BRDA:54,8,0,0
BRDA:54,8,1,12
BRDA:59,9,0,7
BRDA:59,9,1,8
BRDA:59,10,0,15
BRDA:59,10,1,7
BRF:21
BRH:19
end_of_record
TN:
SF:./lib/util/util-service.js
FN:1,(anonymous_1)
FN:9,(anonymous_2)
FN:23,(anonymous_3)
FN:26,(anonymous_4)
FN:43,(anonymous_5)
FNF:5
FNH:5
FNDA:1,(anonymous_1)
FNDA:44,(anonymous_2)
FNDA:1,(anonymous_3)
FNDA:2,(anonymous_4)
FNDA:3,(anonymous_5)
DA:1,1
DA:9,1
DA:11,44
DA:13,44
DA:14,44
DA:23,44
DA:24,1
DA:25,1
DA:26,1
DA:27,2
DA:28,2
DA:29,2
DA:32,1
DA:43,44
DA:46,3
DA:47,0
DA:50,3
DA:51,1
DA:55,3
DA:56,0
DA:57,0
DA:60,3
DA:61,3
DA:62,3
DA:63,3
DA:65,0
DA:66,0
DA:71,1
DA:73,1
LF:29
LH:24
BRDA:28,1,0,2
BRDA:28,1,1,0
BRDA:46,2,0,0
BRDA:46,2,1,3
BRDA:50,3,0,1
BRDA:50,3,1,2
BRDA:55,4,0,0
BRDA:55,4,1,3
BRDA:55,5,0,3
BRDA:55,5,1,0
BRF:10
BRH:6
end_of_record
TN:
SF:./lib/base/base-active-record.js
FN:1,(anonymous_1)
FN:26,BaseActiveRecord
FN:44,(anonymous_3)
FN:83,(anonymous_4)
FN:98,(anonymous_5)
FN:113,(anonymous_6)
FN:123,(anonymous_7)
FN:138,(anonymous_8)
FN:151,(anonymous_9)
FN:165,(anonymous_10)
FN:182,(anonymous_11)
FN:204,(anonymous_12)
FN:207,(anonymous_13)
FN:228,(anonymous_14)
FNF:14
FNH:11
FNDA:1,(anonymous_1)
FNDA:44,BaseActiveRecord
FNDA:31,(anonymous_3)
FNDA:0,(anonymous_4)
FNDA:2,(anonymous_5)
FNDA:0,(anonymous_6)
FNDA:1,(anonymous_7)
FNDA:1,(anonymous_8)
FNDA:1,(anonymous_9)
FNDA:0,(anonymous_10)
FNDA:14,(anonymous_11)
FNDA:3,(anonymous_12)
FNDA:21,(anonymous_13)
FNDA:25,(anonymous_14)
DA:1,1
DA:11,1
DA:14,1
DA:15,1
DA:16,1
DA:17,1
DA:18,1
DA:19,1
DA:26,1
DA:27,44
DA:30,1
DA:44,1
DA:45,31
DA:46,0
DA:50,31
DA:53,31
DA:56,31
DA:57,28
DA:58,28
DA:62,31
DA:70,31
DA:83,1
DA:84,0
DA:98,1
DA:100,2
DA:101,1
DA:104,1
DA:113,1
DA:114,0
DA:123,1
DA:124,1
DA:138,1
DA:139,1
DA:151,1
DA:152,1
DA:165,1
DA:166,0
DA:182,1
DA:183,14
DA:185,14
DA:186,1
DA:189,13
DA:190,1
DA:193,12
DA:194,1
DA:197,11
DA:198,1
DA:201,10
DA:205,3
DA:208,21
DA:209,21
DA:214,10
DA:216,10
DA:228,1
DA:229,25
DA:230,1
DA:233,24
DA:234,1
DA:237,23
DA:238,1
DA:241,22
DA:242,1
DA:245,21
DA:247,21
DA:250,1
LF:65
LH:61
BRDA:45,1,0,0
BRDA:45,1,1,31
BRDA:45,2,0,31
BRDA:45,2,1,31
BRDA:45,2,2,31
BRDA:45,2,3,31
BRDA:56,3,0,28
BRDA:56,3,1,3
BRDA:100,4,0,1
BRDA:100,4,1,1
BRDA:166,5,0,0
BRDA:166,5,1,0
BRDA:166,6,0,0
BRDA:166,6,1,0
BRDA:185,7,0,1
BRDA:185,7,1,13
BRDA:189,8,0,1
BRDA:189,8,1,12
BRDA:193,9,0,1
BRDA:193,9,1,11
BRDA:197,10,0,1
BRDA:197,10,1,10
BRDA:229,11,0,1
BRDA:229,11,1,24
BRDA:233,12,0,1
BRDA:233,12,1,23
BRDA:237,13,0,1
BRDA:237,13,1,22
BRDA:241,14,0,1
BRDA:241,14,1,21
BRF:30
BRH:25
end_of_record
TN:
SF:./lib/base/base-model.js
FN:1,(anonymous_1)
FN:42,BaseModel
FN:84,(anonymous_3)
FN:89,(anonymous_4)
FN:94,(anonymous_5)
FN:135,(anonymous_6)
FN:146,(anonymous_7)
FN:175,(anonymous_8)
FN:179,(anonymous_9)
FN:184,(anonymous_10)
FN:187,(anonymous_11)
FN:201,(anonymous_12)
FN:210,(anonymous_13)
FN:215,(anonymous_14)
FN:218,(anonymous_15)
FN:232,(anonymous_16)
FN:241,(anonymous_17)
FN:248,(anonymous_18)
FN:251,(anonymous_19)
FN:266,(anonymous_20)
FN:278,(anonymous_21)
FN:284,(anonymous_22)
FN:287,(anonymous_23)
FN:300,(anonymous_24)
FN:309,(anonymous_25)
FN:314,(anonymous_26)
FN:317,(anonymous_27)
FN:335,(anonymous_28)
FN:344,(anonymous_29)
FN:359,(anonymous_30)
FN:362,(anonymous_31)
FN:382,(anonymous_32)
FNF:32
FNH:26
FNDA:1,(anonymous_1)
FNDA:44,BaseModel
FNDA:62,(anonymous_3)
FNDA:0,(anonymous_4)
FNDA:0,(anonymous_5)
FNDA:31,(anonymous_6)
FNDA:36,(anonymous_7)
FNDA:4,(anonymous_8)
FNDA:4,(anonymous_9)
FNDA:3,(anonymous_10)
FNDA:1,(anonymous_11)
FNDA:4,(anonymous_12)
FNDA:3,(anonymous_13)
FNDA:2,(anonymous_14)
FNDA:1,(anonymous_15)
FNDA:3,(anonymous_16)
FNDA:2,(anonymous_17)
FNDA:1,(anonymous_18)
FNDA:1,(anonymous_19)
FNDA:4,(anonymous_20)
FNDA:2,(anonymous_21)
FNDA:1,(anonymous_22)
FNDA:1,(anonymous_23)
FNDA:3,(anonymous_24)
FNDA:2,(anonymous_25)
FNDA:1,(anonymous_26)
FNDA:1,(anonymous_27)
FNDA:0,(anonymous_28)
FNDA:0,(anonymous_29)
FNDA:0,(anonymous_30)
FNDA:0,(anonymous_31)
FNDA:3,(anonymous_32)
DA:1,1
DA:10,1
DA:13,1
DA:14,1
DA:15,1
DA:18,1
DA:19,1
DA:20,1
DA:23,1
DA:26,1
DA:27,1
DA:42,1
DA:46,44
DA:47,44
DA:48,44
DA:49,44
DA:50,44
DA:51,44
DA:52,44
DA:53,44
DA:56,44
DA:57,44
DA:62,44
DA:63,44
DA:70,1
DA:84,1
DA:87,62
DA:88,60
DA:90,0
DA:91,0
DA:92,0
DA:98,60
DA:99,0
DA:103,60
DA:106,60
DA:109,60
DA:110,60
DA:113,60
DA:116,29
DA:119,29
DA:120,1
DA:125,60
DA:135,1
DA:138,31
DA:139,7
DA:143,31
DA:146,31
DA:147,36
DA:148,1
DA:149,1
DA:150,1
DA:152,35
DA:153,1
DA:154,1
DA:155,1
DA:161,31
DA:175,1
DA:177,4
DA:179,4
DA:181,4
DA:183,4
DA:185,3
DA:188,1
DA:201,1
DA:203,4
DA:206,4
DA:207,1
DA:210,3
DA:212,3
DA:214,3
DA:216,2
DA:219,1
DA:232,1
DA:234,3
DA:237,3
DA:238,1
DA:241,2
DA:243,2
DA:245,2
DA:247,2
DA:249,1
DA:252,1
DA:266,1
DA:268,4
DA:271,4
DA:272,1
DA:274,3
DA:275,1
DA:278,2
DA:280,2
DA:281,2
DA:283,2
DA:285,1
DA:288,1
DA:300,1
DA:302,3
DA:305,3
DA:306,1
DA:309,2
DA:311,2
DA:313,2
DA:315,1
DA:318,1
DA:335,1
DA:337,0
DA:340,0
DA:341,0
DA:344,0
DA:347,0
DA:348,0
DA:349,0
DA:353,0
DA:356,0
DA:358,0
DA:360,0
DA:363,0
DA:382,1
DA:384,3
DA:387,3
DA:388,2
DA:390,3
DA:391,2
DA:393,3
DA:394,2
DA:398,3
DA:401,3
DA:402,1
DA:406,2
DA:409,2
DA:414,2
DA:415,1
DA:419,2
DA:422,1
LF:133
LH:117
BRDA:87,1,0,60
BRDA:87,1,1,0
BRDA:92,2,0,0
BRDA:92,2,1,0
BRDA:92,3,0,0
BRDA:92,3,1,0
BRDA:98,4,0,0
BRDA:98,4,1,60
BRDA:98,5,0,60
BRDA:98,5,1,60
BRDA:113,6,0,29
BRDA:113,6,1,31
BRDA:119,7,0,1
BRDA:119,7,1,28
BRDA:138,8,0,7
BRDA:138,8,1,24
BRDA:147,9,0,1
BRDA:147,9,1,35
BRDA:149,10,0,1
BRDA:149,10,1,0
BRDA:152,11,0,1
BRDA:152,11,1,34
BRDA:154,12,0,1
BRDA:154,12,1,0
BRDA:206,13,0,1
BRDA:206,13,1,3
BRDA:206,14,0,4
BRDA:206,14,1,4
BRDA:237,15,0,1
BRDA:237,15,1,2
BRDA:237,16,0,3
BRDA:237,16,1,3
BRDA:271,17,0,1
BRDA:271,17,1,3
BRDA:271,18,0,4
BRDA:271,18,1,4
BRDA:274,19,0,1
BRDA:274,19,1,2
BRDA:274,20,0,3
BRDA:274,20,1,3
BRDA:305,21,0,1
BRDA:305,21,1,2
BRDA:305,22,0,3
BRDA:305,22,1,3
BRDA:340,23,0,0
BRDA:340,23,1,0
BRDA:340,24,0,0
BRDA:340,24,1,0
BRDA:348,25,0,0
BRDA:348,25,1,0
BRDA:387,26,0,2
BRDA:387,26,1,1
BRDA:390,27,0,2
BRDA:390,27,1,1
BRDA:393,28,0,2
BRDA:393,28,1,1
BRDA:401,29,0,1
BRDA:401,29,1,2
BRDA:401,30,0,3
BRDA:401,30,1,3
BRDA:414,31,0,1
BRDA:414,31,1,1
BRF:62
BRH:48
end_of_record
