TN:
SF:./lib/angular-cakephp.js
FN:1,(anonymous_1)
FNF:1
FNH:1
FNDA:1,(anonymous_1)
DA:1,1
DA:9,1
LF:2
LH:2
BRF:0
BRH:0
end_of_record
TN:
SF:./lib/angular-cakephp-settings.js
FN:1,(anonymous_1)
FNF:1
FNH:1
FNDA:1,(anonymous_1)
DA:1,1
DA:4,1
LF:2
LH:2
BRF:0
BRH:0
end_of_record
TN:
SF:./lib/http/http-response-service.js
FN:1,(anonymous_1)
FN:9,(anonymous_2)
FN:25,(anonymous_3)
FN:47,(anonymous_4)
FN:69,(anonymous_5)
FN:90,(anonymous_6)
FN:111,(anonymous_7)
FN:132,(anonymous_8)
FN:153,(anonymous_9)
FN:174,(anonymous_10)
FNF:10
FNH:1
FNDA:1,(anonymous_1)
FNDA:0,(anonymous_2)
FNDA:0,(anonymous_3)
FNDA:0,(anonymous_4)
FNDA:0,(anonymous_5)
FNDA:0,(anonymous_6)
FNDA:0,(anonymous_7)
FNDA:0,(anonymous_8)
FNDA:0,(anonymous_9)
FNDA:0,(anonymous_10)
DA:1,1
DA:9,1
DA:25,0
DA:26,0
DA:29,0
DA:30,0
DA:32,0
DA:47,0
DA:48,0
DA:51,0
DA:52,0
DA:54,0
DA:69,0
DA:70,0
DA:72,0
DA:73,0
DA:75,0
DA:90,0
DA:91,0
DA:93,0
DA:94,0
DA:96,0
DA:111,0
DA:112,0
DA:114,0
DA:115,0
DA:117,0
DA:132,0
DA:133,0
DA:135,0
DA:136,0
DA:138,0
DA:153,0
DA:154,0
DA:156,0
DA:157,0
DA:159,0
DA:174,0
DA:175,0
DA:177,0
DA:178,0
DA:180,0
DA:185,1
DA:190,1
LF:44
LH:4
BRDA:29,1,0,0
BRDA:29,1,1,0
BRDA:51,2,0,0
BRDA:51,2,1,0
BRDA:72,3,0,0
BRDA:72,3,1,0
BRDA:93,4,0,0
BRDA:93,4,1,0
BRDA:114,5,0,0
BRDA:114,5,1,0
BRDA:135,6,0,0
BRDA:135,6,1,0
BRDA:156,7,0,0
BRDA:156,7,1,0
BRDA:177,8,0,0
BRDA:177,8,1,0
BRF:16
BRH:0
end_of_record
TN:
SF:./lib/http/http-request-service.js
FN:1,(anonymous_1)
FN:9,(anonymous_2)
FNF:2
FNH:1
FNDA:1,(anonymous_1)
FNDA:0,(anonymous_2)
DA:1,1
DA:9,1
DA:13,1
DA:15,1
LF:4
LH:4
BRF:0
BRH:0
end_of_record
TN:
SF:./lib/transformers/transformer-service.js
FN:1,(anonymous_1)
FN:9,(anonymous_2)
FN:27,(anonymous_3)
FN:41,(anonymous_4)
FN:71,(anonymous_5)
FN:82,(anonymous_6)
FN:84,(anonymous_7)
FN:97,(anonymous_8)
FNF:8
FNH:5
FNDA:1,(anonymous_1)
FNDA:44,(anonymous_2)
FNDA:15,(anonymous_3)
FNDA:4,(anonymous_4)
FNDA:4,(anonymous_5)
FNDA:0,(anonymous_6)
FNDA:0,(anonymous_7)
FNDA:0,(anonymous_8)
DA:1,1
DA:9,1
DA:11,44
DA:14,44
DA:15,44
DA:27,44
DA:30,15
DA:32,15
DA:35,3
DA:36,1
DA:41,2
DA:43,4
DA:44,4
DA:51,15
DA:52,15
DA:53,3
DA:54,12
DA:55,0
DA:59,15
DA:60,15
DA:61,15
DA:62,15
DA:71,44
DA:72,4
DA:82,44
DA:83,0
DA:84,0
DA:85,0
DA:87,0
DA:97,44
DA:100,0
DA:101,0
DA:104,0
DA:108,1
DA:110,1
LF:35
LH:27
BRDA:32,1,0,3
BRDA:32,1,1,12
BRDA:32,2,0,15
BRDA:32,2,1,9
BRDA:32,2,2,5
BRDA:35,3,0,1
BRDA:35,3,1,2
BRDA:43,4,0,4
BRDA:43,4,1,0
BRDA:43,5,0,4
BRDA:43,5,1,4
BRDA:52,6,0,3
BRDA:52,6,1,12
BRDA:52,7,0,15
BRDA:52,7,1,15
BRDA:54,8,0,0
BRDA:54,8,1,12
BRDA:59,9,0,7
BRDA:59,9,1,8
BRDA:59,10,0,15
BRDA:59,10,1,7
BRF:21
BRH:19
end_of_record
TN:
SF:./lib/util/util-service.js
FN:1,(anonymous_1)
FN:9,(anonymous_2)
FN:23,(anonymous_3)
FN:26,(anonymous_4)
FN:43,(anonymous_5)
FNF:5
FNH:5
FNDA:1,(anonymous_1)
FNDA:44,(anonymous_2)
FNDA:1,(anonymous_3)
FNDA:2,(anonymous_4)
FNDA:3,(anonymous_5)
DA:1,1
DA:9,1
DA:11,44
DA:13,44
DA:14,44
DA:23,44
DA:24,1
DA:25,1
DA:26,1
DA:27,2
DA:28,2
DA:29,2
DA:32,1
DA:43,44
DA:46,3
DA:47,0
DA:50,3
DA:51,1
DA:55,3
DA:56,0
DA:57,0
DA:60,3
DA:61,3
DA:62,3
DA:63,3
DA:65,0
DA:66,0
DA:71,1
DA:73,1
LF:29
LH:24
BRDA:28,1,0,2
BRDA:28,1,1,0
BRDA:46,2,0,0
BRDA:46,2,1,3
BRDA:50,3,0,1
BRDA:50,3,1,2
BRDA:55,4,0,0
BRDA:55,4,1,3
BRDA:55,5,0,3
BRDA:55,5,1,0
BRF:10
BRH:6
end_of_record
TN:
SF:./lib/base/base-active-record.js
FN:1,(anonymous_1)
FN:26,BaseActiveRecord
FN:44,(anonymous_3)
FN:83,(anonymous_4)
FN:97,(anonymous_5)
FN:112,(anonymous_6)
FN:122,(anonymous_7)
FN:137,(anonymous_8)
FN:150,(anonymous_9)
FN:164,(anonymous_10)
FN:181,(anonymous_11)
FN:203,(anonymous_12)
FN:206,(anonymous_13)
FN:227,(anonymous_14)
FNF:14
FNH:11
FNDA:1,(anonymous_1)
FNDA:44,BaseActiveRecord
FNDA:31,(anonymous_3)
FNDA:0,(anonymous_4)
FNDA:2,(anonymous_5)
FNDA:0,(anonymous_6)
FNDA:1,(anonymous_7)
FNDA:1,(anonymous_8)
FNDA:1,(anonymous_9)
FNDA:0,(anonymous_10)
FNDA:14,(anonymous_11)
FNDA:3,(anonymous_12)
FNDA:21,(anonymous_13)
FNDA:25,(anonymous_14)
DA:1,1
DA:11,1
DA:14,1
DA:15,1
DA:16,1
DA:17,1
DA:18,1
DA:19,1
DA:26,1
DA:27,44
DA:30,1
DA:44,1
DA:45,31
DA:46,0
DA:50,31
DA:53,31
DA:56,31
DA:57,28
DA:58,28
DA:62,31
DA:70,31
DA:83,1
DA:84,0
DA:97,1
DA:99,2
DA:100,1
DA:103,1
DA:112,1
DA:113,0
DA:122,1
DA:123,1
DA:137,1
DA:138,1
DA:150,1
DA:151,1
DA:164,1
DA:165,0
DA:181,1
DA:182,14
DA:184,14
DA:185,1
DA:188,13
DA:189,1
DA:192,12
DA:193,1
DA:196,11
DA:197,1
DA:200,10
DA:204,3
DA:207,21
DA:208,21
DA:213,10
DA:215,10
DA:227,1
DA:228,25
DA:229,1
DA:232,24
DA:233,1
DA:236,23
DA:237,1
DA:240,22
DA:241,1
DA:244,21
DA:246,21
DA:249,1
LF:65
LH:61
BRDA:45,1,0,0
BRDA:45,1,1,31
BRDA:45,2,0,31
BRDA:45,2,1,31
BRDA:45,2,2,31
BRDA:45,2,3,31
BRDA:56,3,0,28
BRDA:56,3,1,3
BRDA:99,4,0,1
BRDA:99,4,1,1
BRDA:165,5,0,0
BRDA:165,5,1,0
BRDA:165,6,0,0
BRDA:165,6,1,0
BRDA:184,7,0,1
BRDA:184,7,1,13
BRDA:188,8,0,1
BRDA:188,8,1,12
BRDA:192,9,0,1
BRDA:192,9,1,11
BRDA:196,10,0,1
BRDA:196,10,1,10
BRDA:228,11,0,1
BRDA:228,11,1,24
BRDA:232,12,0,1
BRDA:232,12,1,23
BRDA:236,13,0,1
BRDA:236,13,1,22
BRDA:240,14,0,1
BRDA:240,14,1,21
BRF:30
BRH:25
end_of_record
TN:
SF:./lib/base/base-model.js
FN:1,(anonymous_1)
FN:42,BaseModel
FN:84,(anonymous_3)
FN:89,(anonymous_4)
FN:94,(anonymous_5)
FN:135,(anonymous_6)
FN:146,(anonymous_7)
FN:175,(anonymous_8)
FN:179,(anonymous_9)
FN:184,(anonymous_10)
FN:187,(anonymous_11)
FN:201,(anonymous_12)
FN:210,(anonymous_13)
FN:215,(anonymous_14)
FN:218,(anonymous_15)
FN:231,(anonymous_16)
FN:240,(anonymous_17)
FN:246,(anonymous_18)
FN:249,(anonymous_19)
FN:263,(anonymous_20)
FN:275,(anonymous_21)
FN:281,(anonymous_22)
FN:284,(anonymous_23)
FN:297,(anonymous_24)
FN:306,(anonymous_25)
FN:311,(anonymous_26)
FN:314,(anonymous_27)
FN:332,(anonymous_28)
FN:341,(anonymous_29)
FN:356,(anonymous_30)
FN:359,(anonymous_31)
FN:379,(anonymous_32)
FNF:32
FNH:26
FNDA:1,(anonymous_1)
FNDA:44,BaseModel
FNDA:62,(anonymous_3)
FNDA:0,(anonymous_4)
FNDA:0,(anonymous_5)
FNDA:31,(anonymous_6)
FNDA:36,(anonymous_7)
FNDA:4,(anonymous_8)
FNDA:4,(anonymous_9)
FNDA:3,(anonymous_10)
FNDA:1,(anonymous_11)
FNDA:4,(anonymous_12)
FNDA:3,(anonymous_13)
FNDA:2,(anonymous_14)
FNDA:1,(anonymous_15)
FNDA:3,(anonymous_16)
FNDA:2,(anonymous_17)
FNDA:1,(anonymous_18)
FNDA:1,(anonymous_19)
FNDA:4,(anonymous_20)
FNDA:2,(anonymous_21)
FNDA:1,(anonymous_22)
FNDA:1,(anonymous_23)
FNDA:3,(anonymous_24)
FNDA:2,(anonymous_25)
FNDA:1,(anonymous_26)
FNDA:1,(anonymous_27)
FNDA:0,(anonymous_28)
FNDA:0,(anonymous_29)
FNDA:0,(anonymous_30)
FNDA:0,(anonymous_31)
FNDA:3,(anonymous_32)
DA:1,1
DA:10,1
DA:13,1
DA:14,1
DA:15,1
DA:18,1
DA:19,1
DA:20,1
DA:23,1
DA:26,1
DA:27,1
DA:42,1
DA:46,44
DA:47,44
DA:48,44
DA:49,44
DA:50,44
DA:51,44
DA:52,44
DA:53,44
DA:56,44
DA:57,44
DA:62,44
DA:63,44
DA:70,1
DA:84,1
DA:87,62
DA:88,60
DA:90,0
DA:91,0
DA:92,0
DA:98,60
DA:99,0
DA:103,60
DA:106,60
DA:109,60
DA:110,60
DA:113,60
DA:116,29
DA:119,29
DA:120,1
DA:125,60
DA:135,1
DA:138,31
DA:139,7
DA:143,31
DA:146,31
DA:147,36
DA:148,1
DA:149,1
DA:150,1
DA:152,35
DA:153,1
DA:154,1
DA:155,1
DA:161,31
DA:175,1
DA:177,4
DA:179,4
DA:181,4
DA:183,4
DA:185,3
DA:188,1
DA:201,1
DA:203,4
DA:206,4
DA:207,1
DA:210,3
DA:212,3
DA:214,3
DA:216,2
DA:219,1
DA:231,1
DA:233,3
DA:236,3
DA:237,1
DA:240,2
DA:242,2
DA:243,2
DA:245,2
DA:247,1
DA:250,1
DA:263,1
DA:265,4
DA:268,4
DA:269,1
DA:271,3
DA:272,1
DA:275,2
DA:277,2
DA:278,2
DA:280,2
DA:282,1
DA:285,1
DA:297,1
DA:299,3
DA:302,3
DA:303,1
DA:306,2
DA:308,2
DA:310,2
DA:312,1
DA:315,1
DA:332,1
DA:334,0
DA:337,0
DA:338,0
DA:341,0
DA:344,0
DA:345,0
DA:346,0
DA:350,0
DA:353,0
DA:355,0
DA:357,0
DA:360,0
DA:379,1
DA:381,3
DA:384,3
DA:385,2
DA:387,3
DA:388,2
DA:390,3
DA:391,2
DA:395,3
DA:398,3
DA:399,1
DA:403,2
DA:406,2
DA:411,2
DA:412,1
DA:416,2
DA:419,1
LF:133
LH:117
BRDA:87,1,0,60
BRDA:87,1,1,0
BRDA:92,2,0,0
BRDA:92,2,1,0
BRDA:92,3,0,0
BRDA:92,3,1,0
BRDA:98,4,0,0
BRDA:98,4,1,60
BRDA:98,5,0,60
BRDA:98,5,1,60
BRDA:113,6,0,29
BRDA:113,6,1,31
BRDA:119,7,0,1
BRDA:119,7,1,28
BRDA:138,8,0,7
BRDA:138,8,1,24
BRDA:147,9,0,1
BRDA:147,9,1,35
BRDA:149,10,0,1
BRDA:149,10,1,0
BRDA:152,11,0,1
BRDA:152,11,1,34
BRDA:154,12,0,1
BRDA:154,12,1,0
BRDA:206,13,0,1
BRDA:206,13,1,3
BRDA:206,14,0,4
BRDA:206,14,1,4
BRDA:236,15,0,1
BRDA:236,15,1,2
BRDA:236,16,0,3
BRDA:236,16,1,3
BRDA:268,17,0,1
BRDA:268,17,1,3
BRDA:268,18,0,4
BRDA:268,18,1,4
BRDA:271,19,0,1
BRDA:271,19,1,2
BRDA:271,20,0,3
BRDA:271,20,1,3
BRDA:302,21,0,1
BRDA:302,21,1,2
BRDA:302,22,0,3
BRDA:302,22,1,3
BRDA:337,23,0,0
BRDA:337,23,1,0
BRDA:337,24,0,0
BRDA:337,24,1,0
BRDA:345,25,0,0
BRDA:345,25,1,0
BRDA:384,26,0,2
BRDA:384,26,1,1
BRDA:387,27,0,2
BRDA:387,27,1,1
BRDA:390,28,0,2
BRDA:390,28,1,1
BRDA:398,29,0,1
BRDA:398,29,1,2
BRDA:398,30,0,3
BRDA:398,30,1,3
BRDA:411,31,0,1
BRDA:411,31,1,1
BRF:62
BRH:48
end_of_record
